{
  "RSpec": {
    "coverage": {
      "/home/julianjjo/rails_proyectos/Interplantas/spec/controllers/inicio_controller_spec.rb": [
        1,
        null,
        1,
        1,
        1,
        1,
        1,
        1,
        null,
        null,
        1,
        1,
        1,
        null,
        null,
        null
      ],
      "/home/julianjjo/rails_proyectos/Interplantas/spec/rails_helper.rb": [
        null,
        1,
        1,
        1,
        1,
        null,
        null,
        null,
        null,
        null,
        null,
        null,
        null,
        1,
        null,
        null,
        null,
        1,
        null,
        1,
        null,
        1,
        null,
        null,
        null,
        null,
        1,
        null,
        null,
        null,
        null,
        null,
        null,
        null,
        null,
        null,
        null,
        null,
        null,
        null,
        null,
        1,
        null
      ],
      "/home/julianjjo/rails_proyectos/Interplantas/config/environment.rb": [
        null,
        1,
        null,
        null,
        1
      ],
      "/home/julianjjo/rails_proyectos/Interplantas/config/application.rb": [
        1,
        null,
        1,
        null,
        null,
        null,
        1,
        null,
        1,
        1,
        null,
        null,
        null,
        null,
        null,
        null,
        null,
        null,
        null,
        null,
        null,
        null,
        null
      ],
      "/home/julianjjo/rails_proyectos/Interplantas/config/boot.rb": [
        null,
        1,
        null,
        1
      ],
      "/home/julianjjo/rails_proyectos/Interplantas/config/environments/test.rb": [
        1,
        null,
        null,
        null,
        null,
        null,
        null,
        1,
        null,
        null,
        null,
        null,
        1,
        null,
        null,
        1,
        1,
        null,
        null,
        1,
        1,
        null,
        null,
        1,
        null,
        null,
        1,
        null,
        null,
        null,
        null,
        1,
        null,
        null,
        1,
        null,
        null,
        null,
        null
      ],
      "/home/julianjjo/rails_proyectos/Interplantas/config/initializers/assets.rb": [
        null,
        null,
        null,
        1,
        null,
        null,
        null,
        null
      ],
      "/home/julianjjo/rails_proyectos/Interplantas/config/initializers/backtrace_silencers.rb": [
        null,
        null,
        null,
        null,
        null,
        null,
        null
      ],
      "/home/julianjjo/rails_proyectos/Interplantas/config/initializers/cookies_serializer.rb": [
        null,
        null,
        1
      ],
      "/home/julianjjo/rails_proyectos/Interplantas/config/initializers/filter_parameter_logging.rb": [
        null,
        null,
        null,
        1
      ],
      "/home/julianjjo/rails_proyectos/Interplantas/config/initializers/inflections.rb": [
        null,
        null,
        null,
        null,
        null,
        null,
        null,
        null,
        null,
        null,
        null,
        null,
        null,
        null,
        null,
        null
      ],
      "/home/julianjjo/rails_proyectos/Interplantas/config/initializers/mime_types.rb": [
        null,
        null,
        null,
        null
      ],
      "/home/julianjjo/rails_proyectos/Interplantas/config/initializers/session_store.rb": [
        null,
        null,
        1
      ],
      "/home/julianjjo/rails_proyectos/Interplantas/config/initializers/wrap_parameters.rb": [
        null,
        null,
        null,
        null,
        null,
        null,
        1,
        1,
        null,
        null,
        null,
        null,
        null,
        null
      ],
      "/home/julianjjo/rails_proyectos/Interplantas/config/routes.rb": [
        1,
        null,
        1,
        null,
        1,
        null,
        null,
        null,
        null,
        null,
        null,
        null,
        null,
        null,
        null,
        null,
        null,
        null,
        null,
        null,
        null,
        null,
        null,
        null,
        null,
        null,
        null,
        null,
        null,
        null,
        null,
        null,
        null,
        null,
        null,
        null,
        null,
        null,
        null,
        null,
        null,
        null,
        null,
        null,
        null,
        null,
        null,
        null,
        null,
        null,
        null,
        null
      ],
      "/home/julianjjo/rails_proyectos/Interplantas/app/helpers/application_helper.rb": [
        1,
        null
      ],
      "/home/julianjjo/rails_proyectos/Interplantas/app/helpers/inicio_helper.rb": [
        1,
        null
      ],
      "/home/julianjjo/rails_proyectos/Interplantas/app/helpers/planta_helper.rb": [
        1,
        null
      ],
      "/home/julianjjo/rails_proyectos/Interplantas/db/schema.rb": [
        null,
        null,
        null,
        null,
        null,
        null,
        null,
        null,
        null,
        null,
        null,
        null,
        null,
        1,
        null,
        1,
        1,
        1,
        1,
        1,
        1,
        null,
        null,
        1,
        1,
        1,
        1,
        1,
        null,
        null,
        null
      ],
      "/home/julianjjo/rails_proyectos/Interplantas/app/controllers/inicio_controller.rb": [
        1,
        1,
        null,
        null,
        null
      ],
      "/home/julianjjo/rails_proyectos/Interplantas/app/controllers/application_controller.rb": [
        1,
        null,
        null,
        1,
        null
      ],
      "/home/julianjjo/rails_proyectos/Interplantas/spec/controllers/planta_controller_spec.rb": [
        1,
        null,
        1,
        null,
        null
      ],
      "/home/julianjjo/rails_proyectos/Interplantas/app/controllers/planta_controller.rb": [
        1,
        1,
        0,
        null,
        null
      ],
      "/home/julianjjo/rails_proyectos/Interplantas/spec/helpers/inicio_helper_spec.rb": [
        1,
        null,
        null,
        null,
        null,
        null,
        null,
        null,
        null,
        null,
        null,
        null,
        1,
        null
      ],
      "/home/julianjjo/rails_proyectos/Interplantas/spec/helpers/planta_helper_spec.rb": [
        1,
        null,
        null,
        null,
        null,
        null,
        null,
        null,
        null,
        null,
        null,
        null,
        1,
        null
      ],
      "/home/julianjjo/rails_proyectos/Interplantas/spec/models/planta_spec.rb": [
        1,
        null,
        1,
        1,
        1,
        1,
        null,
        null
      ],
      "/home/julianjjo/rails_proyectos/Interplantas/app/models/planta.rb": [
        1,
        null
      ],
      "/home/julianjjo/rails_proyectos/Interplantas/spec/models/variedad_spec.rb": [
        1,
        null,
        1,
        1,
        1,
        1,
        null,
        1,
        1,
        1,
        1,
        1,
        null,
        null
      ],
      "/home/julianjjo/rails_proyectos/Interplantas/app/models/variedad.rb": [
        1,
        1,
        null
      ]
    },
    "timestamp": 1404232659
  }
}
